🍅 MENÙ DI MERCOLEDÌ 24 OTTOBRE 🍅

 *** PRIMI ***

RISOTTO CON BRESAOLA, RUCOLA E SCAGLIE DI GRANA: 6,20
SPAGHETTI CACIO E PEPE: 6,20
ZUPPA DI LENTICCHIE: 6,20
GNOCCHI AI QUATTRO FORMAGGI CON GRANELLA DI NOCI: 6,20
Fusilli al pomodoro e basilico: 5,20
Orzo con melanzane, pomodorini e ricotta salata: 5,20

 *** SECONDI ***

Spezzatino con patate: 7,20
Roast-beef all’inglese: 7,20
Petto di pollo alla griglia: 7,20
Frittata con spinaci e parmigiano: 7,20
Torta salata con peperoni, pomodorini, salame, scamorza e brie: 7,20
Omelettes con prosciutto cotto e fontina: 7,20

 *** DOLCI ***

Torta Rocher: 4,20
Torta Caprese: 4,20
Torta Oreo: 4,20
Torta vegana con mele e lamponi: 4,20
Macedonia: 4,20