🎡🌰 MENÙ DI MARTEDÌ 16 OTTOBRE 🌰🎡

 *** PRIMI ***

- TAGLIATELLE CON ZUCCA E SALSICCIA: 6,20
- PENNE ALLA MEDITERRANEA (pomodorini, olive taggiasche, capperi e rucola): 6,20
- RISOTTO CON FUNGHI E SCAMORZA: 6,20
- ZUPPA DEL CONTADINO (patate, carote, sedano, cipolla, orzo, farro, legumi misti): 6,20
Mezze Maniche al pomodoro e basilico: 5,20
Farro con zucchine, funghi e speck: 5,20

 *** SECONDI ***

Spezzatino di vitello con patate: 7,20
Petto di pollo alla griglia: 7,20
Frittelle di verdure e lenticchie: 7,20
Omelettes con prosciutto cotto, zucchine e fontina: 7,20
Frittata con spinaci e parmigiano: 7,20
Torta salata con zucchine, speck e mozzarella: 7,20

 *** DOLCI ***

Torta vegana: 4,20
Torta oreo: 4,20
Torta rocher: 4,20
Macedonia: 4,20