MENÙ DI MARTEDÌ 9 OTTOBRE

 *** PRIMI ***

SPAGHETTI CACIO E PEPE: 6,20
RISOTTO CON PERE E TALEGGIO: 6,20
ORECCHIETTE DI PASTA FRESCA CON ZUCCHINE, POMODORINI E SCAGLIE DI GRANA: 6,20
ZUPPA DI LENTICCHIE CON CROSTINI: 6,20
Sedanini al pomodoro e basilico: 5,20
Orzo e Farro con melanzane, pomodorini e ricotta salata: 5,20

 *** SECONDI ***

Petto di pollo alla griglia: 7,20
Brasato di vitello al barolo con polenta: 7,20
Roast-beef all’inglese: 7,20
Frittata con broccoli e parmigiano: 7,20
Torta salata di cipolle, peperoni, salsiccia e mozzarella: 7,20
Omelettes con carciofi, speck e mozzarella: 7,20

 *** DOLCI ***

Cheesecake all’oreo: 4,20
Cheesecake ai frutti di bosco: 4,20
Torta di mele: 4,20
Macedonia: 4,20