🎡🎃 MENÙ DI MERCOLEDÌ 17 OTTOBRE 🎃🎡

 *** PRIMI ***

ORECCHIETTE DI PASTA FRESCA CON BROCCOLI, PANCETTA E POMODORINI: 6,20
RISOTTO CON PERE E TALEGGIO: 6,20
ZUPPA DI CECI: 6,20
LASAGNE CON PESTO, PATATE E FAGIOLINI: 6,20
Mezze Maniche al pomodoro e basilico: 5,20
Orzo alla Norma: 5,20

 *** SECONDI ***

Melanzane ripiene con pomodorini, scamorza, uova e parmigiano: 7,20
Petto di pollo alla griglia: 7,20
Bistecca di roast-beef ai ferri: 7,20
Arrosto di vitello: 7,20
Frittata con zucchine e mozzarella: 7,20
Torta salata con spinaci, prosciutto cotto, mozzarella, uova e mascarpone: 7,20

 *** DOLCI ***

Torta Oreo: 4,20
Torta Rocher: 4,20
Torta Vegana con mele e lamponi: 4,20
Macedonia: 4,20