🍇 MENÙ DI MARTEDÌ 23 OTTOBRE 🍇

 *** PRIMI ***

MINESTRONE DI VERDURE FRESCHE: 6,20
RISOTTO CON SALSICCIA E ZAFFERANO: 6,20
TAGLIATELLE CON ZUCCHINE, POMODORINI E SCAGLIE DI GRANA: 6,20
LASAGNE ALLA BOLOGNESE: 6,20
Penne al pomodoro e basilico: 5,20
Orzo con pomodorini, pesto (no aglio) e peperoni: 5,20

 *** SECONDI ***

Petto di pollo alla griglia: 7,20
Arrosto di vitello: 7,20
Frittelle di spinaci e patate: 7,20
Rosti di patate al forno: 7,20
Focaccia farcita con melanzane, pomodorini e mozzarella: 7,20
Frittata con verdure miste e parmigiano: 7,20
Omelettes con zucchine e mozzarella: 7,20

 *** DOLCI ***

Torta Oreo: 4,20
Torta caprese: 4,20
Torta Rocher: 4,20
Macedonia: 4,20