🍔 MENÙ DI MERCOLEDÌ 10 OTTOBRE 🍔

 *** PRIMI ***

RISOTTO ALLA MONZESE (zafferano e salsiccia): 6,20
RAVIOLI DI CARNE CON SUGO DI BRASATO: 6,20
SPAGHETTI ALLA CARBONARA: 6,20
MINESTRONE DI VERDURE: 6,20
Penne al pomodoro e basilico: 5,20
Orzo con pomodorini, melanzane, zucchine e peperoni: 5,20

 *** SECONDI ***

Petto di pollo alla griglia: 7,20
Straccetti di pollo saltati al vino bianco: 7,20
Bistecca di scamone ai ferri: 7,20
Focaccia di nostra produzione con pomodorini: 7,20
Focaccia di nostra produzione farcita con prosciutto cotto, mozzarella, zucchine e pomodorini: 7,20
Melanzane ripiene con scamorza, pancetta, parmigiano, pomodorini, pecorino e uova: 7,20
Torta salata con zucchine, mozzarella e pomodorini: 7,20
Frittata con spinaci e parmigiano: 7,20

 *** DOLCI ***

Torta di mele: 4,20
Cheesecake ai frutti di bosco: 4,20
Cheescake all’oreo: 4,20
Macedonia: 4,20