🍷 MENÙ DI MARTEDÌ 6 NOVEMBRE 🍷

 *** PRIMI ***

VELLUTATA DI ZUCCHINE, SPINACI E PATATE: 6,20
LASAGNE CON ZUCCHINE, SCAMORZA, POMODORO E BASILICO: 6,20
TAGLIATELLE DI PASTA FRESCA AL RAGÙ BIANCO: 6,20
RISOTTO CON ASPARAGI E BRIE: 6,20
Conchiglie al pomodoro e basilico: 5,20
Farro con funghi, piselli, patate e speck: 5,20

 *** SECONDI ***

Hamburger con radicchio e scamorza: 7,20
Petto di pollo alla griglia: 7,20
Polpettone ripieno di prosciutto cotto, scamorza e spinaci: 7,20
Frittata con verdure miste e parmigiano: 7,20
Torta salata con pancetta, zucchine, melanzane, peperoni e mozzarella: 7,20

 *** DOLCI ***

Torta Oreo: 4,20
Cheescake ai frutti di bosco: 4,20
Torta vegana con cannella, arancia e gocce di cioccolato: 4,20
Torta Caprese con farina di mandorle e cacao: 4,20
Macedonia: 4,20