😋 MENÙ DI LUNEDÌ 29 OTTOBRE 😋

 *** PRIMI ***

Risotto smeraldo con crema di spinaci e pancetta croccante: 6,20
Trofie di pasta fresca con pesto fatto in casa (no aglio), patate e fagiolini: 6,20
Tagliatelle di pasta fresca con zucca e salsiccia: 6,20
Zuppa di lenticchie con crostini: 6,20
Farfalle al pomodoro: 5,20
Orzo con peperoni, pomodorini, tonno e capperi: 5,20

 *** SECONDI ***

Arrosto di vitello: 7,20
Petto di pollo alla griglia: 7,20
Frittata con verdure miste e parmigiano: 7,20
Omelettes con spinaci, mozzarella e parmigiano: 7,20
Torta salata con zucchine, speck e mozzarella: 7,20

 *** DOLCI ***

Torta Oreo: 4,20
Cheescake ai frutti di bosco: 4,20
Torta Caprese con farina di mandorle e cacao: 4,20
Torta Vegana con arancia, cannella e gocce di cioccolato: 4,20
Macedonia: 4,20